<?xml version="1.0" encoding="UTF-8"?>
<testng-results total="1" passed="0" failed="1" skipped="0">
  <reporter-output>
  </reporter-output>
  <suite started-at="2024-04-10T11:07:47Z" name="Suite" finished-at="2024-04-10T11:08:16Z" duration-ms="29377">
    <groups>
      <group name="sanity">
        <method signature="TC_01_LoginTest.verifyLoginTest()[pri:0, instance:testCases.TC_01_LoginTest@5dd6264]" name="verifyLoginTest" class="testCases.TC_01_LoginTest"/>
      </group> <!-- sanity -->
      <group name="master">
        <method signature="TC_01_LoginTest.verifyLoginTest()[pri:0, instance:testCases.TC_01_LoginTest@5dd6264]" name="verifyLoginTest" class="testCases.TC_01_LoginTest"/>
      </group> <!-- master -->
    </groups>
    <test started-at="2024-04-10T11:07:47Z" name="Test1" finished-at="2024-04-10T11:08:16Z" duration-ms="29377">
      <class name="testCases.TC_01_LoginTest">
        <test-method is-config="true" signature="setup(java.lang.String, java.lang.String)[pri:0, instance:testCases.TC_01_LoginTest@5dd6264]" started-at="2024-04-10T16:37:47Z" name="setup" finished-at="2024-04-10T16:38:03Z" duration-ms="15811" status="PASS">
          <params>
            <param index="0">
              <value>
                <![CDATA[Windows]]>
              </value>
            </param>
            <param index="1">
              <value>
                <![CDATA[Chrome]]>
              </value>
            </param>
          </params>
          <reporter-output>
          </reporter-output>
        </test-method> <!-- setup -->
        <test-method signature="verifyLoginTest()[pri:0, instance:testCases.TC_01_LoginTest@5dd6264]" started-at="2024-04-10T16:38:03Z" name="verifyLoginTest" finished-at="2024-04-10T16:38:15Z" duration-ms="11381" status="FAIL">
          <exception class="java.lang.AssertionError">
            <message>
              <![CDATA[null]]>
            </message>
            <full-stacktrace>
              <![CDATA[java.lang.AssertionError: null
	at org.testng.Assert.fail(Assert.java:94)
	at org.testng.Assert.fail(Assert.java:101)
	at testCases.TC_01_LoginTest.verifyLoginTest(TC_01_LoginTest.java:52)
	at java.base/jdk.internal.reflect.NativeMethodAccessorImpl.invoke0(Native Method)
	at java.base/jdk.internal.reflect.NativeMethodAccessorImpl.invoke(NativeMethodAccessorImpl.java:77)
	at java.base/jdk.internal.reflect.DelegatingMethodAccessorImpl.invoke(DelegatingMethodAccessorImpl.java:43)
	at java.base/java.lang.reflect.Method.invoke(Method.java:568)
	at org.testng.internal.MethodInvocationHelper.invokeMethod(MethodInvocationHelper.java:100)
	at org.testng.internal.Invoker.invokeMethod(Invoker.java:646)
	at org.testng.internal.Invoker.invokeTestMethod(Invoker.java:811)
	at org.testng.internal.Invoker.invokeTestMethods(Invoker.java:1137)
	at org.testng.internal.TestMethodWorker.invokeTestMethods(TestMethodWorker.java:129)
	at org.testng.internal.TestMethodWorker.run(TestMethodWorker.java:112)
	at java.base/java.util.concurrent.ThreadPoolExecutor.runWorker(ThreadPoolExecutor.java:1136)
	at java.base/java.util.concurrent.ThreadPoolExecutor$Worker.run(ThreadPoolExecutor.java:635)
	at java.base/java.lang.Thread.run(Thread.java:833)
]]>
            </full-stacktrace>
          </exception> <!-- java.lang.AssertionError -->
          <reporter-output>
          </reporter-output>
        </test-method> <!-- verifyLoginTest -->
        <test-method is-config="true" signature="tearDown()[pri:0, instance:testCases.TC_01_LoginTest@5dd6264]" started-at="2024-04-10T16:38:15Z" name="tearDown" finished-at="2024-04-10T16:38:15Z" duration-ms="169" status="PASS">
          <reporter-output>
          </reporter-output>
        </test-method> <!-- tearDown -->
      </class> <!-- testCases.TC_01_LoginTest -->
      <class name="testCases.TC_02_LoginTestDDT">
        <test-method is-config="true" signature="setup(java.lang.String, java.lang.String)[pri:0, instance:testCases.TC_02_LoginTestDDT@1ffe63b9]" started-at="2024-04-10T16:37:49Z" name="setup" finished-at="2024-04-10T16:38:03Z" duration-ms="13363" status="PASS">
          <params>
            <param index="0">
              <value>
                <![CDATA[Windows]]>
              </value>
            </param>
            <param index="1">
              <value>
                <![CDATA[Chrome]]>
              </value>
            </param>
          </params>
          <reporter-output>
          </reporter-output>
        </test-method> <!-- setup -->
      </class> <!-- testCases.TC_02_LoginTestDDT -->
    </test> <!-- Test1 -->
  </suite> <!-- Suite -->
</testng-results>
